2023-01-26T17:49:19.374308+00:00 ERROR 'ansible_navigator.actions.collections._parse' /usr/share/ansible/collections/ansible_collections/redhatinsights/insights/roles/compliance/meta/argument_specs.yml Failed to find argument_specs.yml for role in redhatinsights.insights.
2023-01-26T17:49:19.375271+00:00 ERROR 'ansible_navigator.actions.collections._parse' /usr/share/ansible/collections/ansible_collections/redhatinsights/insights/roles/insights_client/meta/argument_specs.yml Failed to find argument_specs.yml for role in redhatinsights.insights.
2023-01-26T17:49:19.375378+00:00 ERROR 'ansible_navigator.actions.collections._parse' /usr/share/ansible/collections/ansible_collections/theforeman/foreman/roles/activation_keys/meta/argument_specs.yml Failed to find argument_specs.yml for role in theforeman.foreman.
2023-01-26T17:49:19.375454+00:00 ERROR 'ansible_navigator.actions.collections._parse' /usr/share/ansible/collections/ansible_collections/theforeman/foreman/roles/activation_keys/meta/main.yml Failed to find main.yml for role in theforeman.foreman.
2023-01-26T17:49:19.375532+00:00 ERROR 'ansible_navigator.actions.collections._parse' /usr/share/ansible/collections/ansible_collections/theforeman/foreman/roles/auth_sources_ldap/meta/argument_specs.yml Failed to find argument_specs.yml for role in theforeman.foreman.
2023-01-26T17:49:19.375597+00:00 ERROR 'ansible_navigator.actions.collections._parse' /usr/share/ansible/collections/ansible_collections/theforeman/foreman/roles/auth_sources_ldap/meta/main.yml Failed to find main.yml for role in theforeman.foreman.
2023-01-26T17:49:19.375660+00:00 ERROR 'ansible_navigator.actions.collections._parse' /usr/share/ansible/collections/ansible_collections/theforeman/foreman/roles/compute_profiles/meta/argument_specs.yml Failed to find argument_specs.yml for role in theforeman.foreman.
2023-01-26T17:49:19.375744+00:00 ERROR 'ansible_navigator.actions.collections._parse' /usr/share/ansible/collections/ansible_collections/theforeman/foreman/roles/compute_profiles/meta/main.yml Failed to find main.yml for role in theforeman.foreman.
2023-01-26T17:49:19.375876+00:00 ERROR 'ansible_navigator.actions.collections._parse' /usr/share/ansible/collections/ansible_collections/theforeman/foreman/roles/compute_resources/meta/argument_specs.yml Failed to find argument_specs.yml for role in theforeman.foreman.
2023-01-26T17:49:19.375983+00:00 ERROR 'ansible_navigator.actions.collections._parse' /usr/share/ansible/collections/ansible_collections/theforeman/foreman/roles/compute_resources/meta/main.yml Failed to find main.yml for role in theforeman.foreman.
2023-01-26T17:49:19.376092+00:00 ERROR 'ansible_navigator.actions.collections._parse' /usr/share/ansible/collections/ansible_collections/theforeman/foreman/roles/content_credentials/meta/argument_specs.yml Failed to find argument_specs.yml for role in theforeman.foreman.
2023-01-26T17:49:19.376186+00:00 ERROR 'ansible_navigator.actions.collections._parse' /usr/share/ansible/collections/ansible_collections/theforeman/foreman/roles/content_credentials/meta/main.yml Failed to find main.yml for role in theforeman.foreman.
2023-01-26T17:49:19.376261+00:00 ERROR 'ansible_navigator.actions.collections._parse' /usr/share/ansible/collections/ansible_collections/theforeman/foreman/roles/content_rhel/meta/argument_specs.yml Failed to find argument_specs.yml for role in theforeman.foreman.
2023-01-26T17:49:19.376351+00:00 ERROR 'ansible_navigator.actions.collections._parse' /usr/share/ansible/collections/ansible_collections/theforeman/foreman/roles/content_rhel/meta/main.yml Failed to find main.yml for role in theforeman.foreman.
2023-01-26T17:49:19.376436+00:00 ERROR 'ansible_navigator.actions.collections._parse' /usr/share/ansible/collections/ansible_collections/theforeman/foreman/roles/content_view_publish/meta/argument_specs.yml Failed to find argument_specs.yml for role in theforeman.foreman.
2023-01-26T17:49:19.376519+00:00 ERROR 'ansible_navigator.actions.collections._parse' /usr/share/ansible/collections/ansible_collections/theforeman/foreman/roles/content_view_publish/meta/main.yml Failed to find main.yml for role in theforeman.foreman.
2023-01-26T17:49:19.376617+00:00 ERROR 'ansible_navigator.actions.collections._parse' /usr/share/ansible/collections/ansible_collections/theforeman/foreman/roles/content_view_version_cleanup/meta/argument_specs.yml Failed to find argument_specs.yml for role in theforeman.foreman.
2023-01-26T17:49:19.376705+00:00 ERROR 'ansible_navigator.actions.collections._parse' /usr/share/ansible/collections/ansible_collections/theforeman/foreman/roles/content_view_version_cleanup/meta/main.yml Failed to find main.yml for role in theforeman.foreman.
2023-01-26T17:49:19.376809+00:00 ERROR 'ansible_navigator.actions.collections._parse' /usr/share/ansible/collections/ansible_collections/theforeman/foreman/roles/content_views/meta/argument_specs.yml Failed to find argument_specs.yml for role in theforeman.foreman.
2023-01-26T17:49:19.376899+00:00 ERROR 'ansible_navigator.actions.collections._parse' /usr/share/ansible/collections/ansible_collections/theforeman/foreman/roles/content_views/meta/main.yml Failed to find main.yml for role in theforeman.foreman.
2023-01-26T17:49:19.376954+00:00 ERROR 'ansible_navigator.actions.collections._parse' /usr/share/ansible/collections/ansible_collections/theforeman/foreman/roles/convert2rhel/meta/argument_specs.yml Failed to find argument_specs.yml for role in theforeman.foreman.
2023-01-26T17:49:19.377007+00:00 ERROR 'ansible_navigator.actions.collections._parse' /usr/share/ansible/collections/ansible_collections/theforeman/foreman/roles/convert2rhel/meta/main.yml Failed to find main.yml for role in theforeman.foreman.
2023-01-26T17:49:19.377058+00:00 ERROR 'ansible_navigator.actions.collections._parse' /usr/share/ansible/collections/ansible_collections/theforeman/foreman/roles/domains/meta/argument_specs.yml Failed to find argument_specs.yml for role in theforeman.foreman.
2023-01-26T17:49:19.377109+00:00 ERROR 'ansible_navigator.actions.collections._parse' /usr/share/ansible/collections/ansible_collections/theforeman/foreman/roles/domains/meta/main.yml Failed to find main.yml for role in theforeman.foreman.
2023-01-26T17:49:19.377164+00:00 ERROR 'ansible_navigator.actions.collections._parse' /usr/share/ansible/collections/ansible_collections/theforeman/foreman/roles/hostgroups/meta/argument_specs.yml Failed to find argument_specs.yml for role in theforeman.foreman.
2023-01-26T17:49:19.377215+00:00 ERROR 'ansible_navigator.actions.collections._parse' /usr/share/ansible/collections/ansible_collections/theforeman/foreman/roles/hostgroups/meta/main.yml Failed to find main.yml for role in theforeman.foreman.
2023-01-26T17:49:19.377265+00:00 ERROR 'ansible_navigator.actions.collections._parse' /usr/share/ansible/collections/ansible_collections/theforeman/foreman/roles/lifecycle_environments/meta/argument_specs.yml Failed to find argument_specs.yml for role in theforeman.foreman.
2023-01-26T17:49:19.377315+00:00 ERROR 'ansible_navigator.actions.collections._parse' /usr/share/ansible/collections/ansible_collections/theforeman/foreman/roles/lifecycle_environments/meta/main.yml Failed to find main.yml for role in theforeman.foreman.
2023-01-26T17:49:19.377365+00:00 ERROR 'ansible_navigator.actions.collections._parse' /usr/share/ansible/collections/ansible_collections/theforeman/foreman/roles/manifest/meta/argument_specs.yml Failed to find argument_specs.yml for role in theforeman.foreman.
2023-01-26T17:49:19.377414+00:00 ERROR 'ansible_navigator.actions.collections._parse' /usr/share/ansible/collections/ansible_collections/theforeman/foreman/roles/manifest/meta/main.yml Failed to find main.yml for role in theforeman.foreman.
2023-01-26T17:49:19.377470+00:00 ERROR 'ansible_navigator.actions.collections._parse' /usr/share/ansible/collections/ansible_collections/theforeman/foreman/roles/operatingsystems/meta/argument_specs.yml Failed to find argument_specs.yml for role in theforeman.foreman.
2023-01-26T17:49:19.377520+00:00 ERROR 'ansible_navigator.actions.collections._parse' /usr/share/ansible/collections/ansible_collections/theforeman/foreman/roles/operatingsystems/meta/main.yml Failed to find main.yml for role in theforeman.foreman.
2023-01-26T17:49:19.377594+00:00 ERROR 'ansible_navigator.actions.collections._parse' /usr/share/ansible/collections/ansible_collections/theforeman/foreman/roles/organizations/meta/argument_specs.yml Failed to find argument_specs.yml for role in theforeman.foreman.
2023-01-26T17:49:19.377650+00:00 ERROR 'ansible_navigator.actions.collections._parse' /usr/share/ansible/collections/ansible_collections/theforeman/foreman/roles/organizations/meta/main.yml Failed to find main.yml for role in theforeman.foreman.
2023-01-26T17:49:19.377703+00:00 ERROR 'ansible_navigator.actions.collections._parse' /usr/share/ansible/collections/ansible_collections/theforeman/foreman/roles/provisioning_templates/meta/argument_specs.yml Failed to find argument_specs.yml for role in theforeman.foreman.
2023-01-26T17:49:19.377754+00:00 ERROR 'ansible_navigator.actions.collections._parse' /usr/share/ansible/collections/ansible_collections/theforeman/foreman/roles/provisioning_templates/meta/main.yml Failed to find main.yml for role in theforeman.foreman.
2023-01-26T17:49:19.377805+00:00 ERROR 'ansible_navigator.actions.collections._parse' /usr/share/ansible/collections/ansible_collections/theforeman/foreman/roles/repositories/meta/argument_specs.yml Failed to find argument_specs.yml for role in theforeman.foreman.
2023-01-26T17:49:19.377875+00:00 ERROR 'ansible_navigator.actions.collections._parse' /usr/share/ansible/collections/ansible_collections/theforeman/foreman/roles/repositories/meta/main.yml Failed to find main.yml for role in theforeman.foreman.
2023-01-26T17:49:19.377927+00:00 ERROR 'ansible_navigator.actions.collections._parse' /usr/share/ansible/collections/ansible_collections/theforeman/foreman/roles/settings/meta/argument_specs.yml Failed to find argument_specs.yml for role in theforeman.foreman.
2023-01-26T17:49:19.377978+00:00 ERROR 'ansible_navigator.actions.collections._parse' /usr/share/ansible/collections/ansible_collections/theforeman/foreman/roles/settings/meta/main.yml Failed to find main.yml for role in theforeman.foreman.
2023-01-26T17:49:19.378029+00:00 ERROR 'ansible_navigator.actions.collections._parse' /usr/share/ansible/collections/ansible_collections/theforeman/foreman/roles/subnets/meta/argument_specs.yml Failed to find argument_specs.yml for role in theforeman.foreman.
2023-01-26T17:49:19.378080+00:00 ERROR 'ansible_navigator.actions.collections._parse' /usr/share/ansible/collections/ansible_collections/theforeman/foreman/roles/subnets/meta/main.yml Failed to find main.yml for role in theforeman.foreman.
2023-01-26T17:49:19.378131+00:00 ERROR 'ansible_navigator.actions.collections._parse' /usr/share/ansible/collections/ansible_collections/theforeman/foreman/roles/sync_plans/meta/argument_specs.yml Failed to find argument_specs.yml for role in theforeman.foreman.
2023-01-26T17:49:19.378190+00:00 ERROR 'ansible_navigator.actions.collections._parse' /usr/share/ansible/collections/ansible_collections/theforeman/foreman/roles/sync_plans/meta/main.yml Failed to find main.yml for role in theforeman.foreman.
